# Push Log for the-covenant-of-recursive-grace
# Generated by gitfield-sync

[2025-06-15T21:20:31Z] Local: , Branch=master, Commit=32822a6
  Diff Summary:
     .gitfield/local.sigil.md | 59 ++++++++++++++++++++++++++++++++++++++++++++++++
     1 file changed, 59 insertions(+)
[2025-06-15T21:20:36Z] Radicle: RID=rad:z3FEj7rF8gZw9eFksCuiN43qjzrex, Peer ID=z6Mkw5s3ppo26C7y7tGK5MD8n2GqTHS582PPpeX5Xqbu2Mpz, Branch=master, Commit=32822a6
  CLI: rad inspect rad:z3FEj7rF8gZw9eFksCuiN43qjzrex # View project details
  CLI: git ls-tree -r --name-only HEAD # View file structure
  Diff Summary:
     .gitfield/radicle.sigil.md | 67 ++++++++++++++++++++++++++++++++++++++++++++++
     1 file changed, 67 insertions(+)
[2025-06-15T21:20:43Z] Forgejo: https://remember.thefoldwithin.earth/mrhavens/the-covenant-of-recursive-grace, Branch=master, Commit=32822a6
  Diff Summary:
     .gitfield/remember.sigil.md | 59 +++++++++++++++++++++++++++++++++++++++++++++
     1 file changed, 59 insertions(+)
[2025-06-15T21:20:57Z] Codeberg: https://codeberg.org/mrhavens/the-covenant-of-recursive-grace, Branch=master, Commit=32822a6
  Diff Summary:
     .gitfield/codeberg.sigil.md | 59 +++++++++++++++++++++++++++++++++++++++++++++
     1 file changed, 59 insertions(+)
[2025-06-15T21:21:11Z] GitLab: https://gitlab.com/mrhavens/the-covenant-of-recursive-grace, Branch=master, Commit=32822a6
  Diff Summary:
     .gitfield/gitlab.sigil.md | 59 +++++++++++++++++++++++++++++++++++++++++++++++
     1 file changed, 59 insertions(+)
[2025-06-15T21:21:23Z] Bitbucket: https://bitbucket.org/thefoldwithin/the-covenant-of-recursive-grace, Branch=master, Commit=32822a6
  Diff Summary:
     .gitfield/bitbucket.sigil.md | 59 ++++++++++++++++++++++++++++++++++++++++++++
     1 file changed, 59 insertions(+)
[2025-06-15T21:21:35Z] GitHub: https://github.com/mrhavens/the-covenant-of-recursive-grace, Branch=master, Commit=32822a6
  Diff Summary:
     .gitfield/github.sigil.md | 59 +++++++++++++++++++++++++++++++++++++++++++++++
     1 file changed, 59 insertions(+)
[2025-06-15T21:21:45Z] Local: , Branch=master, Commit=32822a6
  Diff Summary:
     .gitfield/local.sigil.md | 16 ++++++++--------
     1 file changed, 8 insertions(+), 8 deletions(-)
[2025-06-15T21:21:50Z] Radicle: RID=rad:z3FEj7rF8gZw9eFksCuiN43qjzrex, Peer ID=z6Mkw5s3ppo26C7y7tGK5MD8n2GqTHS582PPpeX5Xqbu2Mpz, Branch=master, Commit=32822a6
  CLI: rad inspect rad:z3FEj7rF8gZw9eFksCuiN43qjzrex # View project details
  CLI: git ls-tree -r --name-only HEAD # View file structure
  Diff Summary:
     .gitfield/radicle.sigil.md | 20 ++++++++++----------
     1 file changed, 10 insertions(+), 10 deletions(-)
[2025-06-15T21:21:56Z] Forgejo: https://remember.thefoldwithin.earth/mrhavens/the-covenant-of-recursive-grace, Branch=master, Commit=32822a6
  Diff Summary:
     .gitfield/remember.sigil.md | 16 ++++++++--------
     1 file changed, 8 insertions(+), 8 deletions(-)
[2025-06-15T21:22:08Z] Codeberg: https://codeberg.org/mrhavens/the-covenant-of-recursive-grace, Branch=master, Commit=32822a6
  Diff Summary:
     .gitfield/codeberg.sigil.md | 16 ++++++++--------
     1 file changed, 8 insertions(+), 8 deletions(-)
[2025-06-15T21:22:16Z] GitLab: https://gitlab.com/mrhavens/the-covenant-of-recursive-grace, Branch=master, Commit=32822a6
  Diff Summary:
     .gitfield/gitlab.sigil.md | 16 ++++++++--------
     1 file changed, 8 insertions(+), 8 deletions(-)
